[debug] ----------------------------------------------------------------------
[debug] Command:      /usr/local/bin/node /usr/local/bin/firebase deploy
[debug] CLI Version:  3.5.0
[debug] Platform:     darwin
[debug] Node Version: v6.6.0
[debug] Time:         Thu May 11 2017 23:45:39 GMT+0400 (RET)
[debug] ----------------------------------------------------------------------
[debug] 
[debug] > command requires scopes: ["email","openid","https://www.googleapis.com/auth/cloudplatformprojects.readonly","https://www.googleapis.com/auth/firebase","https://www.googleapis.com/auth/cloud-platform"]
[debug] > refreshing access token with scopes: ["email","https://www.googleapis.com/auth/cloud-platform","https://www.googleapis.com/auth/cloudplatformprojects.readonly","https://www.googleapis.com/auth/firebase","openid"]
[debug] >>> HTTP REQUEST POST https://www.googleapis.com/oauth2/v3/token { refresh_token: '1/BzceQ3w7DZtqzfzFN_RS9dkTOpUTgFHOOpkEWSfXUUM',
  client_id: '563584335869-fgrhgmd47bqnekij5i8b5pr03ho849e6.apps.googleusercontent.com',
  client_secret: 'j9iVZfS8kkCEFUPaAeJV0sAi',
  grant_type: 'refresh_token',
  scope: 'email https://www.googleapis.com/auth/cloud-platform https://www.googleapis.com/auth/cloudplatformprojects.readonly https://www.googleapis.com/auth/firebase openid' } 
 Thu May 11 2017 23:45:39 GMT+0400 (RET)
[debug] <<< HTTP RESPONSE 200
[debug] >>> HTTP REQUEST GET https://admin.firebase.com/v1/projects/magnesia-b64b9  
 Thu May 11 2017 23:45:40 GMT+0400 (RET)
[debug] <<< HTTP RESPONSE 200
[debug] >>> HTTP REQUEST GET https://admin.firebase.com/v1/database/magnesia-b64b9/tokens  
 Thu May 11 2017 23:45:42 GMT+0400 (RET)
[debug] <<< HTTP RESPONSE 200
[info] 
[info] === Deploying to 'magnesia-b64b9'...
[info] 
[info] i  deploying database, functions, hosting
[info] ✔  database: rules ready to deploy.
[debug] > [functions] package.json contents: {
  "name": "functions",
  "description": "Cloud Functions for Firebase",
  "dependencies": {
    "firebase-admin": "^4.1.2",
    "firebase-functions": "^0.5"
  },
  "private": true
}
[info] i  functions: ensuring necessary APIs are enabled...
[info] i  runtimeconfig: ensuring necessary APIs are enabled...
[debug] >>> HTTP REQUEST GET https://servicemanagement.googleapis.com/v1/services/cloudfunctions.googleapis.com/projectSettings/magnesia-b64b9?view=CONSUMER_VIEW  
 Thu May 11 2017 23:45:48 GMT+0400 (RET)
[debug] >>> HTTP REQUEST GET https://servicemanagement.googleapis.com/v1/services/runtimeconfig.googleapis.com/projectSettings/magnesia-b64b9?view=CONSUMER_VIEW  
 Thu May 11 2017 23:45:48 GMT+0400 (RET)
[debug] <<< HTTP RESPONSE 200
[info] ✔  runtimeconfig: all necessary APIs are enabled
[debug] <<< HTTP RESPONSE 200
[info] ✔  functions: all necessary APIs are enabled
[debug] >>> HTTP REQUEST GET https://appengine.googleapis.com/v1/apps/magnesia-b64b9  
 Thu May 11 2017 23:45:51 GMT+0400 (RET)
[debug] >>> HTTP REQUEST GET https://apikeys.googleapis.com/v1/projects/magnesia-b64b9/apiKeys  
 Thu May 11 2017 23:45:51 GMT+0400 (RET)
[debug] <<< HTTP RESPONSE 200
[debug] <<< HTTP RESPONSE 200
[info] i  functions: preparing functions directory for uploading...
[debug] >>> HTTP REQUEST GET https://runtimeconfig.googleapis.com/v1beta1/projects/magnesia-b64b9/configs  
 Thu May 11 2017 23:45:55 GMT+0400 (RET)
[debug] <<< HTTP RESPONSE 200
[debug] > [functions] runtime config materialized as: {
  "firebase": {
    "databaseURL": "https://magnesia-b64b9.firebaseio.com",
    "storageBucket": "magnesia-b64b9.appspot.com",
    "apiKey": "AIzaSyDb6KhzvEKu2n7iMRRAz1KcWSROFsRAhow",
    "authDomain": "magnesia-b64b9.firebaseapp.com"
  }
}
[debug] > [functions] parsed triggers: []
[info] i  hosting: preparing . directory for upload...
[debug] >>> HTTP REQUEST PUT https://deploy.firebase.com/v1/hosting/magnesia-b64b9/uploads/-Kjt1xAzKcb3vXhhJUy6?fileCount=51125&message=  
 Thu May 11 2017 23:47:07 GMT+0400 (RET)
[debug] Error: write EPIPE
    at exports._errnoException (util.js:1036:11)
    at WriteWrap.afterWrite (net.js:794:14)
[error] 
[error] Error: Server Error. write EPIPE
